# JRE version: OpenJDK Runtime Environment Corretto-15.0.1.9.1 (15.0.1+9) (build 15.0.1+9)
# Java VM: OpenJDK 64-Bit Server VM Corretto-15.0.1.9.1 (15.0.1+9, mixed mode, sharing, tiered, compressed oops, g1 gc, linux-amd64)
GC Precious Log:
 CPUs: 4 total, 4 available
 Memory: 7956M
 Large Page Support: Disabled
 NUMA Support: Disabled
 Compressed Oops: Enabled (32-bit)
 Heap Region Size: 1M
 Heap Min Capacity: 8M
 Heap Initial Capacity: 126M
 Heap Max Capacity: 1990M
 Pre-touch: Disabled
 Parallel Workers: 4
 Concurrent Workers: 1
 Concurrent Refinement Workers: 4
 Periodic GC: Disabled
Heap:
 garbage-first heap   total 58368K, used 24850K [0x0000000083a00000, 0x0000000100000000)
  region size 1024K, 14 young (14336K), 4 survivors (4096K)
 Metaspace       used 33492K, capacity 33829K, committed 34352K, reserved 1079296K
  class space    used 4012K, capacity 4125K, committed 4224K, reserved 1048576K
GC Heap History (12 events):
Event: 0,416 GC heap before
{Heap before GC invocations=0 (full 0):
 garbage-first heap   total 131072K, used 13112K [0x0000000083a00000, 0x0000000100000000)
  region size 1024K, 13 young (13312K), 0 survivors (0K)
 Metaspace       used 3744K, capacity 5986K, committed 6272K, reserved 1056768K
  class space    used 387K, capacity 566K, committed 640K, reserved 1048576K
}
Event: 0,427 GC heap after
{Heap after GC invocations=1 (full 0):
 garbage-first heap   total 131072K, used 5371K [0x0000000083a00000, 0x0000000100000000)
  region size 1024K, 2 young (2048K), 2 survivors (2048K)
 Metaspace       used 3744K, capacity 5986K, committed 6272K, reserved 1056768K
  class space    used 387K, capacity 566K, committed 640K, reserved 1048576K
}
Event: 0,793 GC heap before
{Heap before GC invocations=1 (full 0):
 garbage-first heap   total 131072K, used 17659K [0x0000000083a00000, 0x0000000100000000)
  region size 1024K, 14 young (14336K), 2 survivors (2048K)
 Metaspace       used 7420K, capacity 8315K, committed 8448K, reserved 1056768K
  class space    used 913K, capacity 998K, committed 1024K, reserved 1048576K
}
Event: 0,803 GC heap after
{Heap after GC invocations=2 (full 0):
 garbage-first heap   total 131072K, used 6579K [0x0000000083a00000, 0x0000000100000000)
  region size 1024K, 2 young (2048K), 2 survivors (2048K)
 Metaspace       used 7420K, capacity 8315K, committed 8448K, reserved 1056768K
  class space    used 913K, capacity 998K, committed 1024K, reserved 1048576K
}
Event: 1,543 GC heap before
{Heap before GC invocations=2 (full 0):
 garbage-first heap   total 131072K, used 42419K [0x0000000083a00000, 0x0000000100000000)
  region size 1024K, 38 young (38912K), 2 survivors (2048K)
 Metaspace       used 15925K, capacity 16168K, committed 16384K, reserved 1062912K
  class space    used 1907K, capacity 1966K, committed 2048K, reserved 1048576K
}
Event: 1,550 GC heap after
{Heap after GC invocations=3 (full 0):
 garbage-first heap   total 131072K, used 8873K [0x0000000083a00000, 0x0000000100000000)
  region size 1024K, 4 young (4096K), 4 survivors (4096K)
 Metaspace       used 15925K, capacity 16168K, committed 16384K, reserved 1062912K
  class space    used 1907K, capacity 1966K, committed 2048K, reserved 1048576K
}
Event: 2,236 GC heap before
{Heap before GC invocations=3 (full 0):
 garbage-first heap   total 131072K, used 38569K [0x0000000083a00000, 0x0000000100000000)
  region size 1024K, 34 young (34816K), 4 survivors (4096K)
 Metaspace       used 20834K, capacity 21147K, committed 21296K, reserved 1069056K
  class space    used 2526K, capacity 2635K, committed 2688K, reserved 1048576K
}
Event: 2,242 GC heap after
{Heap after GC invocations=4 (full 0):
 garbage-first heap   total 131072K, used 10796K [0x0000000083a00000, 0x0000000100000000)
  region size 1024K, 6 young (6144K), 6 survivors (6144K)
 Metaspace       used 20834K, capacity 21147K, committed 21296K, reserved 1069056K
  class space    used 2526K, capacity 2635K, committed 2688K, reserved 1048576K
}
Event: 2,622 GC heap before
{Heap before GC invocations=5 (full 0):
 garbage-first heap   total 48128K, used 33324K [0x0000000083a00000, 0x0000000100000000)
  region size 1024K, 28 young (28672K), 6 survivors (6144K)
 Metaspace       used 24894K, capacity 25183K, committed 25648K, reserved 1071104K
  class space    used 2985K, capacity 3084K, committed 3200K, reserved 1048576K
}
Event: 2,629 GC heap after
{Heap after GC invocations=6 (full 0):
 garbage-first heap   total 58368K, used 12601K [0x0000000083a00000, 0x0000000100000000)
  region size 1024K, 2 young (2048K), 2 survivors (2048K)
 Metaspace       used 24894K, capacity 25183K, committed 25648K, reserved 1071104K
  class space    used 2985K, capacity 3084K, committed 3200K, reserved 1048576K
}
Event: 3,037 GC heap before
{Heap before GC invocations=6 (full 0):
 garbage-first heap   total 58368K, used 39225K [0x0000000083a00000, 0x0000000100000000)
  region size 1024K, 29 young (29696K), 2 survivors (2048K)
 Metaspace       used 30690K, capacity 31017K, committed 31408K, reserved 1077248K
  class space    used 3697K, capacity 3828K, committed 3840K, reserved 1048576K
}
Event: 3,042 GC heap after
{Heap after GC invocations=7 (full 0):
 garbage-first heap   total 58368K, used 15634K [0x0000000083a00000, 0x0000000100000000)
  region size 1024K, 4 young (4096K), 4 survivors (4096K)
 Metaspace       used 30690K, capacity 31017K, committed 31408K, reserved 1077248K
  class space    used 3697K, capacity 3828K, committed 3840K, reserved 1048576K
}

