# JRE version: OpenJDK Runtime Environment Corretto-15.0.1.9.1 (15.0.1+9) (build 15.0.1+9)
# Java VM: OpenJDK 64-Bit Server VM Corretto-15.0.1.9.1 (15.0.1+9, mixed mode, sharing, tiered, compressed oops, g1 gc, linux-amd64)
GC Precious Log:
 CPUs: 4 total, 4 available
 Memory: 7957M
 Large Page Support: Disabled
 NUMA Support: Disabled
 Compressed Oops: Enabled (32-bit)
 Heap Region Size: 1M
 Heap Min Capacity: 8M
 Heap Initial Capacity: 126M
 Heap Max Capacity: 1990M
 Pre-touch: Disabled
 Parallel Workers: 4
 Concurrent Workers: 1
 Concurrent Refinement Workers: 4
 Periodic GC: Disabled
Heap:
 garbage-first heap   total 58368K, used 27179K [0x0000000083a00000, 0x0000000100000000)
  region size 1024K, 10 young (10240K), 3 survivors (3072K)
 Metaspace       used 41565K, capacity 41945K, committed 42544K, reserved 1087488K
  class space    used 5011K, capacity 5150K, committed 5248K, reserved 1048576K
GC Heap History (16 events):
Event: 0,389 GC heap before
{Heap before GC invocations=0 (full 0):
 garbage-first heap   total 131072K, used 13112K [0x0000000083a00000, 0x0000000100000000)
  region size 1024K, 13 young (13312K), 0 survivors (0K)
 Metaspace       used 3751K, capacity 5986K, committed 6272K, reserved 1056768K
  class space    used 387K, capacity 566K, committed 640K, reserved 1048576K
}
Event: 0,394 GC heap after
{Heap after GC invocations=1 (full 0):
 garbage-first heap   total 131072K, used 5366K [0x0000000083a00000, 0x0000000100000000)
  region size 1024K, 2 young (2048K), 2 survivors (2048K)
 Metaspace       used 3751K, capacity 5986K, committed 6272K, reserved 1056768K
  class space    used 387K, capacity 566K, committed 640K, reserved 1048576K
}
Event: 0,706 GC heap before
{Heap before GC invocations=1 (full 0):
 garbage-first heap   total 131072K, used 17654K [0x0000000083a00000, 0x0000000100000000)
  region size 1024K, 14 young (14336K), 2 survivors (2048K)
 Metaspace       used 7343K, capacity 8283K, committed 8448K, reserved 1056768K
  class space    used 895K, capacity 966K, committed 1024K, reserved 1048576K
}
Event: 0,709 GC heap after
{Heap after GC invocations=2 (full 0):
 garbage-first heap   total 131072K, used 6722K [0x0000000083a00000, 0x0000000100000000)
  region size 1024K, 2 young (2048K), 2 survivors (2048K)
 Metaspace       used 7343K, capacity 8283K, committed 8448K, reserved 1056768K
  class space    used 895K, capacity 966K, committed 1024K, reserved 1048576K
}
Event: 1,194 GC heap before
{Heap before GC invocations=2 (full 0):
 garbage-first heap   total 131072K, used 34370K [0x0000000083a00000, 0x0000000100000000)
  region size 1024K, 30 young (30720K), 2 survivors (2048K)
 Metaspace       used 14911K, capacity 15162K, committed 15232K, reserved 1062912K
  class space    used 1802K, capacity 1865K, committed 1920K, reserved 1048576K
}
Event: 1,201 GC heap after
{Heap after GC invocations=3 (full 0):
 garbage-first heap   total 131072K, used 8152K [0x0000000083a00000, 0x0000000100000000)
  region size 1024K, 3 young (3072K), 3 survivors (3072K)
 Metaspace       used 14911K, capacity 15162K, committed 15232K, reserved 1062912K
  class space    used 1802K, capacity 1865K, committed 1920K, reserved 1048576K
}
Event: 1,968 GC heap before
{Heap before GC invocations=3 (full 0):
 garbage-first heap   total 131072K, used 45016K [0x0000000083a00000, 0x0000000100000000)
  region size 1024K, 41 young (41984K), 3 survivors (3072K)
 Metaspace       used 20821K, capacity 21083K, committed 21296K, reserved 1069056K
  class space    used 2530K, capacity 2635K, committed 2688K, reserved 1048576K
}
Event: 1,976 GC heap after
{Heap after GC invocations=4 (full 0):
 garbage-first heap   total 131072K, used 10870K [0x0000000083a00000, 0x0000000100000000)
  region size 1024K, 6 young (6144K), 6 survivors (6144K)
 Metaspace       used 20821K, capacity 21083K, committed 21296K, reserved 1069056K
  class space    used 2530K, capacity 2635K, committed 2688K, reserved 1048576K
}
Event: 2,253 GC heap before
{Heap before GC invocations=5 (full 0):
 garbage-first heap   total 48128K, used 33398K [0x0000000083a00000, 0x0000000100000000)
  region size 1024K, 28 young (28672K), 6 survivors (6144K)
 Metaspace       used 24921K, capacity 25183K, committed 25648K, reserved 1071104K
  class space    used 2997K, capacity 3084K, committed 3200K, reserved 1048576K
}
Event: 2,261 GC heap after
{Heap after GC invocations=6 (full 0):
 garbage-first heap   total 58368K, used 12735K [0x0000000083a00000, 0x0000000100000000)
  region size 1024K, 2 young (2048K), 2 survivors (2048K)
 Metaspace       used 24921K, capacity 25183K, committed 25648K, reserved 1071104K
  class space    used 2997K, capacity 3084K, committed 3200K, reserved 1048576K
}
Event: 2,673 GC heap before
{Heap before GC invocations=6 (full 0):
 garbage-first heap   total 58368K, used 40383K [0x0000000083a00000, 0x0000000100000000)
  region size 1024K, 29 young (29696K), 2 survivors (2048K)
 Metaspace       used 30832K, capacity 31148K, committed 31664K, reserved 1077248K
  class space    used 3722K, capacity 3829K, committed 3840K, reserved 1048576K
}
Event: 2,682 GC heap after
{Heap after GC invocations=7 (full 0):
 garbage-first heap   total 58368K, used 15743K [0x0000000083a00000, 0x0000000100000000)
  region size 1024K, 4 young (4096K), 4 survivors (4096K)
 Metaspace       used 30832K, capacity 31148K, committed 31664K, reserved 1077248K
  class space    used 3722K, capacity 3829K, committed 3840K, reserved 1048576K
}
Event: 3,101 GC heap before
{Heap before GC invocations=7 (full 0):
 garbage-first heap   total 58368K, used 39295K [0x0000000083a00000, 0x0000000100000000)
  region size 1024K, 28 young (28672K), 4 survivors (4096K)
 Metaspace       used 35154K, capacity 35501K, committed 35920K, reserved 1081344K
  class space    used 4226K, capacity 4334K, committed 4352K, reserved 1048576K
}
Event: 3,106 GC heap after
{Heap after GC invocations=8 (full 0):
 garbage-first heap   total 58368K, used 18812K [0x0000000083a00000, 0x0000000100000000)
  region size 1024K, 3 young (3072K), 3 survivors (3072K)
 Metaspace       used 35154K, capacity 35501K, committed 35920K, reserved 1081344K
  class space    used 4226K, capacity 4334K, committed 4352K, reserved 1048576K
}
Event: 3,635 GC heap before
{Heap before GC invocations=9 (full 0):
 garbage-first heap   total 58368K, used 41340K [0x0000000083a00000, 0x0000000100000000)
  region size 1024K, 26 young (26624K), 3 survivors (3072K)
 Metaspace       used 40949K, capacity 41357K, committed 41904K, reserved 1085440K
  class space    used 4950K, capacity 5084K, committed 5120K, reserved 1048576K
}
Event: 3,640 GC heap after
{Heap after GC invocations=10 (full 0):
 garbage-first heap   total 58368K, used 21035K [0x0000000083a00000, 0x0000000100000000)
  region size 1024K, 3 young (3072K), 3 survivors (3072K)
 Metaspace       used 40949K, capacity 41357K, committed 41904K, reserved 1085440K
  class space    used 4950K, capacity 5084K, committed 5120K, reserved 1048576K
}

