# JRE version: OpenJDK Runtime Environment Corretto-15.0.1.9.1 (15.0.1+9) (build 15.0.1+9)
# Java VM: OpenJDK 64-Bit Server VM Corretto-15.0.1.9.1 (15.0.1+9, mixed mode, sharing, tiered, compressed oops, g1 gc, linux-amd64)
GC Precious Log:
 CPUs: 4 total, 4 available
 Memory: 7956M
 Large Page Support: Disabled
 NUMA Support: Disabled
 Compressed Oops: Enabled (32-bit)
 Heap Region Size: 1M
 Heap Min Capacity: 8M
 Heap Initial Capacity: 126M
 Heap Max Capacity: 1990M
 Pre-touch: Disabled
 Parallel Workers: 4
 Concurrent Workers: 1
 Concurrent Refinement Workers: 4
 Periodic GC: Disabled
Heap:
 garbage-first heap   total 131072K, used 10923K [0x0000000083a00000, 0x0000000100000000)
  region size 1024K, 7 young (7168K), 4 survivors (4096K)
 Metaspace       used 16082K, capacity 16343K, committed 16640K, reserved 1064960K
  class space    used 1922K, capacity 2002K, committed 2048K, reserved 1048576K
GC Heap History (6 events):
Event: 0,444 GC heap before
{Heap before GC invocations=0 (full 0):
 garbage-first heap   total 131072K, used 13112K [0x0000000083a00000, 0x0000000100000000)
  region size 1024K, 13 young (13312K), 0 survivors (0K)
 Metaspace       used 3741K, capacity 5986K, committed 6272K, reserved 1056768K
  class space    used 387K, capacity 566K, committed 640K, reserved 1048576K
}
Event: 0,449 GC heap after
{Heap after GC invocations=1 (full 0):
 garbage-first heap   total 131072K, used 5374K [0x0000000083a00000, 0x0000000100000000)
  region size 1024K, 2 young (2048K), 2 survivors (2048K)
 Metaspace       used 3741K, capacity 5986K, committed 6272K, reserved 1056768K
  class space    used 387K, capacity 566K, committed 640K, reserved 1048576K
}
Event: 0,885 GC heap before
{Heap before GC invocations=1 (full 0):
 garbage-first heap   total 131072K, used 17662K [0x0000000083a00000, 0x0000000100000000)
  region size 1024K, 14 young (14336K), 2 survivors (2048K)
 Metaspace       used 7331K, capacity 8315K, committed 8448K, reserved 1056768K
  class space    used 911K, capacity 998K, committed 1024K, reserved 1048576K
}
Event: 0,890 GC heap after
{Heap after GC invocations=2 (full 0):
 garbage-first heap   total 131072K, used 6512K [0x0000000083a00000, 0x0000000100000000)
  region size 1024K, 2 young (2048K), 2 survivors (2048K)
 Metaspace       used 7331K, capacity 8315K, committed 8448K, reserved 1056768K
  class space    used 911K, capacity 998K, committed 1024K, reserved 1048576K
}
Event: 1,605 GC heap before
{Heap before GC invocations=2 (full 0):
 garbage-first heap   total 131072K, used 42352K [0x0000000083a00000, 0x0000000100000000)
  region size 1024K, 38 young (38912K), 2 survivors (2048K)
 Metaspace       used 15940K, capacity 16232K, committed 16640K, reserved 1064960K
  class space    used 1908K, capacity 1966K, committed 2048K, reserved 1048576K
}
Event: 1,612 GC heap after
{Heap after GC invocations=3 (full 0):
 garbage-first heap   total 131072K, used 8875K [0x0000000083a00000, 0x0000000100000000)
  region size 1024K, 4 young (4096K), 4 survivors (4096K)
 Metaspace       used 15940K, capacity 16232K, committed 16640K, reserved 1064960K
  class space    used 1908K, capacity 1966K, committed 2048K, reserved 1048576K
}

