# JRE version: OpenJDK Runtime Environment Corretto-15.0.1.9.1 (15.0.1+9) (build 15.0.1+9)
# Java VM: OpenJDK 64-Bit Server VM Corretto-15.0.1.9.1 (15.0.1+9, mixed mode, sharing, tiered, compressed oops, g1 gc, linux-amd64)
GC Precious Log:
 CPUs: 4 total, 4 available
 Memory: 7956M
 Large Page Support: Disabled
 NUMA Support: Disabled
 Compressed Oops: Enabled (32-bit)
 Heap Region Size: 1M
 Heap Min Capacity: 8M
 Heap Initial Capacity: 126M
 Heap Max Capacity: 1990M
 Pre-touch: Disabled
 Parallel Workers: 4
 Concurrent Workers: 1
 Concurrent Refinement Workers: 4
 Periodic GC: Disabled
Heap:
 garbage-first heap   total 58368K, used 27610K [0x0000000083a00000, 0x0000000100000000)
  region size 1024K, 13 young (13312K), 3 survivors (3072K)
 Metaspace       used 37108K, capacity 37533K, committed 38044K, reserved 1083392K
  class space    used 4482K, capacity 4626K, committed 4684K, reserved 1048576K
GC Heap History (14 events):
Event: 0,416 GC heap before
{Heap before GC invocations=0 (full 0):
 garbage-first heap   total 131072K, used 13112K [0x0000000083a00000, 0x0000000100000000)
  region size 1024K, 13 young (13312K), 0 survivors (0K)
 Metaspace       used 3742K, capacity 5986K, committed 6272K, reserved 1056768K
  class space    used 387K, capacity 566K, committed 640K, reserved 1048576K
}
Event: 0,420 GC heap after
{Heap after GC invocations=1 (full 0):
 garbage-first heap   total 131072K, used 5364K [0x0000000083a00000, 0x0000000100000000)
  region size 1024K, 2 young (2048K), 2 survivors (2048K)
 Metaspace       used 3742K, capacity 5986K, committed 6272K, reserved 1056768K
  class space    used 387K, capacity 566K, committed 640K, reserved 1048576K
}
Event: 0,796 GC heap before
{Heap before GC invocations=1 (full 0):
 garbage-first heap   total 131072K, used 18676K [0x0000000083a00000, 0x0000000100000000)
  region size 1024K, 15 young (15360K), 2 survivors (2048K)
 Metaspace       used 7720K, capacity 8635K, committed 8960K, reserved 1056768K
  class space    used 941K, capacity 998K, committed 1024K, reserved 1048576K
}
Event: 0,799 GC heap after
{Heap after GC invocations=2 (full 0):
 garbage-first heap   total 131072K, used 6482K [0x0000000083a00000, 0x0000000100000000)
  region size 1024K, 2 young (2048K), 2 survivors (2048K)
 Metaspace       used 7720K, capacity 8635K, committed 8960K, reserved 1056768K
  class space    used 941K, capacity 998K, committed 1024K, reserved 1048576K
}
Event: 1,401 GC heap before
{Heap before GC invocations=2 (full 0):
 garbage-first heap   total 131072K, used 43346K [0x0000000083a00000, 0x0000000100000000)
  region size 1024K, 38 young (38912K), 2 survivors (2048K)
 Metaspace       used 15866K, capacity 16102K, committed 16384K, reserved 1062912K
  class space    used 1910K, capacity 1966K, committed 2048K, reserved 1048576K
}
Event: 1,408 GC heap after
{Heap after GC invocations=3 (full 0):
 garbage-first heap   total 131072K, used 8794K [0x0000000083a00000, 0x0000000100000000)
  region size 1024K, 4 young (4096K), 4 survivors (4096K)
 Metaspace       used 15866K, capacity 16102K, committed 16384K, reserved 1062912K
  class space    used 1910K, capacity 1966K, committed 2048K, reserved 1048576K
}
Event: 1,969 GC heap before
{Heap before GC invocations=3 (full 0):
 garbage-first heap   total 131072K, used 36442K [0x0000000083a00000, 0x0000000100000000)
  region size 1024K, 32 young (32768K), 4 survivors (4096K)
 Metaspace       used 20777K, capacity 21083K, committed 21296K, reserved 1069056K
  class space    used 2528K, capacity 2635K, committed 2688K, reserved 1048576K
}
Event: 1,974 GC heap after
{Heap after GC invocations=4 (full 0):
 garbage-first heap   total 131072K, used 10644K [0x0000000083a00000, 0x0000000100000000)
  region size 1024K, 6 young (6144K), 6 survivors (6144K)
 Metaspace       used 20777K, capacity 21083K, committed 21296K, reserved 1069056K
  class space    used 2528K, capacity 2635K, committed 2688K, reserved 1048576K
}
Event: 2,250 GC heap before
{Heap before GC invocations=5 (full 0):
 garbage-first heap   total 48128K, used 33172K [0x0000000083a00000, 0x0000000100000000)
  region size 1024K, 28 young (28672K), 6 survivors (6144K)
 Metaspace       used 24546K, capacity 24799K, committed 25008K, reserved 1071104K
  class space    used 2949K, capacity 3020K, committed 3072K, reserved 1048576K
}
Event: 2,260 GC heap after
{Heap after GC invocations=6 (full 0):
 garbage-first heap   total 58368K, used 12417K [0x0000000083a00000, 0x0000000100000000)
  region size 1024K, 2 young (2048K), 2 survivors (2048K)
 Metaspace       used 24546K, capacity 24799K, committed 25008K, reserved 1071104K
  class space    used 2949K, capacity 3020K, committed 3072K, reserved 1048576K
}
Event: 2,656 GC heap before
{Heap before GC invocations=6 (full 0):
 garbage-first heap   total 58368K, used 40065K [0x0000000083a00000, 0x0000000100000000)
  region size 1024K, 30 young (30720K), 2 survivors (2048K)
 Metaspace       used 30714K, capacity 31084K, committed 31408K, reserved 1077248K
  class space    used 3706K, capacity 3829K, committed 3840K, reserved 1048576K
}
Event: 2,661 GC heap after
{Heap after GC invocations=7 (full 0):
 garbage-first heap   total 58368K, used 15470K [0x0000000083a00000, 0x0000000100000000)
  region size 1024K, 4 young (4096K), 4 survivors (4096K)
 Metaspace       used 30714K, capacity 31084K, committed 31408K, reserved 1077248K
  class space    used 3706K, capacity 3829K, committed 3840K, reserved 1048576K
}
Event: 3,059 GC heap before
{Heap before GC invocations=7 (full 0):
 garbage-first heap   total 58368K, used 40046K [0x0000000083a00000, 0x0000000100000000)
  region size 1024K, 29 young (29696K), 4 survivors (4096K)
 Metaspace       used 35258K, capacity 35565K, committed 35920K, reserved 1081344K
  class space    used 4242K, capacity 4334K, committed 4352K, reserved 1048576K
}
Event: 3,068 GC heap after
{Heap after GC invocations=8 (full 0):
 garbage-first heap   total 58368K, used 18394K [0x0000000083a00000, 0x0000000100000000)
  region size 1024K, 3 young (3072K), 3 survivors (3072K)
 Metaspace       used 35258K, capacity 35565K, committed 35920K, reserved 1081344K
  class space    used 4242K, capacity 4334K, committed 4352K, reserved 1048576K
}

