# JRE version: OpenJDK Runtime Environment Corretto-15.0.1.9.1 (15.0.1+9) (build 15.0.1+9)
# Java VM: OpenJDK 64-Bit Server VM Corretto-15.0.1.9.1 (15.0.1+9, mixed mode, sharing, tiered, compressed oops, g1 gc, linux-amd64)
GC Precious Log:
 CPUs: 4 total, 4 available
 Memory: 7956M
 Large Page Support: Disabled
 NUMA Support: Disabled
 Compressed Oops: Enabled (32-bit)
 Heap Region Size: 1M
 Heap Min Capacity: 8M
 Heap Initial Capacity: 126M
 Heap Max Capacity: 1990M
 Pre-touch: Disabled
 Parallel Workers: 4
 Concurrent Workers: 1
 Concurrent Refinement Workers: 4
 Periodic GC: Disabled
Heap:
 garbage-first heap   total 48128K, used 24725K [0x0000000083a00000, 0x0000000100000000)
  region size 1024K, 15 young (15360K), 2 survivors (2048K)
 Metaspace       used 28665K, capacity 29025K, committed 29488K, reserved 1075200K
  class space    used 3468K, capacity 3597K, committed 3712K, reserved 1048576K
GC Heap History (8 events):
Event: 0,456 GC heap before
{Heap before GC invocations=0 (full 0):
 garbage-first heap   total 131072K, used 13112K [0x0000000083a00000, 0x0000000100000000)
  region size 1024K, 13 young (13312K), 0 survivors (0K)
 Metaspace       used 3755K, capacity 5986K, committed 6272K, reserved 1056768K
  class space    used 387K, capacity 566K, committed 640K, reserved 1048576K
}
Event: 0,463 GC heap after
{Heap after GC invocations=1 (full 0):
 garbage-first heap   total 131072K, used 5363K [0x0000000083a00000, 0x0000000100000000)
  region size 1024K, 2 young (2048K), 2 survivors (2048K)
 Metaspace       used 3755K, capacity 5986K, committed 6272K, reserved 1056768K
  class space    used 387K, capacity 566K, committed 640K, reserved 1048576K
}
Event: 0,832 GC heap before
{Heap before GC invocations=1 (full 0):
 garbage-first heap   total 131072K, used 19699K [0x0000000083a00000, 0x0000000100000000)
  region size 1024K, 17 young (17408K), 2 survivors (2048K)
 Metaspace       used 8156K, capacity 9019K, committed 9344K, reserved 1056768K
  class space    used 990K, capacity 1062K, committed 1152K, reserved 1048576K
}
Event: 0,836 GC heap after
{Heap after GC invocations=2 (full 0):
 garbage-first heap   total 131072K, used 6575K [0x0000000083a00000, 0x0000000100000000)
  region size 1024K, 2 young (2048K), 2 survivors (2048K)
 Metaspace       used 8156K, capacity 9019K, committed 9344K, reserved 1056768K
  class space    used 990K, capacity 1062K, committed 1152K, reserved 1048576K
}
Event: 2,095 GC heap before
{Heap before GC invocations=2 (full 0):
 garbage-first heap   total 131072K, used 69039K [0x0000000083a00000, 0x0000000100000000)
  region size 1024K, 65 young (66560K), 2 survivors (2048K)
 Metaspace       used 20888K, capacity 21146K, committed 21296K, reserved 1069056K
  class space    used 2534K, capacity 2635K, committed 2688K, reserved 1048576K
}
Event: 2,105 GC heap after
{Heap after GC invocations=3 (full 0):
 garbage-first heap   total 131072K, used 10627K [0x0000000083a00000, 0x0000000100000000)
  region size 1024K, 6 young (6144K), 6 survivors (6144K)
 Metaspace       used 20888K, capacity 21146K, committed 21296K, reserved 1069056K
  class space    used 2534K, capacity 2635K, committed 2688K, reserved 1048576K
}
Event: 2,422 GC heap before
{Heap before GC invocations=4 (full 0):
 garbage-first heap   total 48128K, used 33155K [0x0000000083a00000, 0x0000000100000000)
  region size 1024K, 28 young (28672K), 6 survivors (6144K)
 Metaspace       used 24930K, capacity 25246K, committed 25648K, reserved 1071104K
  class space    used 2991K, capacity 3084K, committed 3200K, reserved 1048576K
}
Event: 2,428 GC heap after
{Heap after GC invocations=5 (full 0):
 garbage-first heap   total 48128K, used 12437K [0x0000000083a00000, 0x0000000100000000)
  region size 1024K, 2 young (2048K), 2 survivors (2048K)
 Metaspace       used 24930K, capacity 25246K, committed 25648K, reserved 1071104K
  class space    used 2991K, capacity 3084K, committed 3200K, reserved 1048576K
}

