# JRE version: OpenJDK Runtime Environment Corretto-15.0.1.9.1 (15.0.1+9) (build 15.0.1+9)
# Java VM: OpenJDK 64-Bit Server VM Corretto-15.0.1.9.1 (15.0.1+9, mixed mode, sharing, tiered, compressed oops, g1 gc, linux-amd64)
GC Precious Log:
 CPUs: 4 total, 4 available
 Memory: 7956M
 Large Page Support: Disabled
 NUMA Support: Disabled
 Compressed Oops: Enabled (32-bit)
 Heap Region Size: 1M
 Heap Min Capacity: 8M
 Heap Initial Capacity: 126M
 Heap Max Capacity: 1990M
 Pre-touch: Disabled
 Parallel Workers: 4
 Concurrent Workers: 1
 Concurrent Refinement Workers: 4
 Periodic GC: Disabled
Heap:
 garbage-first heap   total 61440K, used 35390K [0x0000000083a00000, 0x0000000100000000)
  region size 1024K, 19 young (19456K), 4 survivors (4096K)
 Metaspace       used 51181K, capacity 51586K, committed 52656K, reserved 1095680K
  class space    used 6646K, capacity 6787K, committed 6912K, reserved 1048576K
GC Heap History (18 events):
Event: 0,578 GC heap before
{Heap before GC invocations=0 (full 0):
 garbage-first heap   total 131072K, used 14136K [0x0000000083a00000, 0x0000000100000000)
  region size 1024K, 13 young (13312K), 0 survivors (0K)
 Metaspace       used 3002K, capacity 5564K, committed 5760K, reserved 1056768K
  class space    used 296K, capacity 532K, committed 640K, reserved 1048576K
}
Event: 0,585 GC heap after
{Heap after GC invocations=1 (full 0):
 garbage-first heap   total 131072K, used 7897K [0x0000000083a00000, 0x0000000100000000)
  region size 1024K, 2 young (2048K), 2 survivors (2048K)
 Metaspace       used 3002K, capacity 5564K, committed 5760K, reserved 1056768K
  class space    used 296K, capacity 532K, committed 640K, reserved 1048576K
}
Event: 0,875 GC heap before
{Heap before GC invocations=1 (full 0):
 garbage-first heap   total 131072K, used 18137K [0x0000000083a00000, 0x0000000100000000)
  region size 1024K, 12 young (12288K), 2 survivors (2048K)
 Metaspace       used 6042K, capacity 7489K, committed 7808K, reserved 1056768K
  class space    used 695K, capacity 811K, committed 896K, reserved 1048576K
}
Event: 0,878 GC heap after
{Heap after GC invocations=2 (full 0):
 garbage-first heap   total 131072K, used 8537K [0x0000000083a00000, 0x0000000100000000)
  region size 1024K, 1 young (1024K), 1 survivors (1024K)
 Metaspace       used 6042K, capacity 7489K, committed 7808K, reserved 1056768K
  class space    used 695K, capacity 811K, committed 896K, reserved 1048576K
}
Event: 1,461 GC heap before
{Heap before GC invocations=2 (full 0):
 garbage-first heap   total 131072K, used 41305K [0x0000000083a00000, 0x0000000100000000)
  region size 1024K, 33 young (33792K), 1 survivors (1024K)
 Metaspace       used 14230K, capacity 14440K, committed 14848K, reserved 1062912K
  class space    used 1693K, capacity 1755K, committed 1792K, reserved 1048576K
}
Event: 1,468 GC heap after
{Heap after GC invocations=3 (full 0):
 garbage-first heap   total 131072K, used 10416K [0x0000000083a00000, 0x0000000100000000)
  region size 1024K, 3 young (3072K), 3 survivors (3072K)
 Metaspace       used 14230K, capacity 14440K, committed 14848K, reserved 1062912K
  class space    used 1693K, capacity 1755K, committed 1792K, reserved 1048576K
}
Event: 2,365 GC heap before
{Heap before GC invocations=3 (full 0):
 garbage-first heap   total 131072K, used 83120K [0x0000000083a00000, 0x0000000100000000)
  region size 1024K, 75 young (76800K), 3 survivors (3072K)
 Metaspace       used 20028K, capacity 20311K, committed 20480K, reserved 1067008K
  class space    used 2413K, capacity 2548K, committed 2560K, reserved 1048576K
}
Event: 2,370 GC heap after
{Heap after GC invocations=4 (full 0):
 garbage-first heap   total 131072K, used 12816K [0x0000000083a00000, 0x0000000100000000)
  region size 1024K, 5 young (5120K), 5 survivors (5120K)
 Metaspace       used 20028K, capacity 20311K, committed 20480K, reserved 1067008K
  class space    used 2413K, capacity 2548K, committed 2560K, reserved 1048576K
}
Event: 2,541 GC heap before
{Heap before GC invocations=4 (full 0):
 garbage-first heap   total 131072K, used 14864K [0x0000000083a00000, 0x0000000100000000)
  region size 1024K, 8 young (8192K), 5 survivors (5120K)
 Metaspace       used 20724K, capacity 21021K, committed 21296K, reserved 1069056K
  class space    used 2474K, capacity 2614K, committed 2688K, reserved 1048576K
}
Event: 2,558 GC heap after
{Heap after GC invocations=5 (full 0):
 garbage-first heap   total 131072K, used 13095K [0x0000000083a00000, 0x0000000100000000)
  region size 1024K, 6 young (6144K), 6 survivors (6144K)
 Metaspace       used 20724K, capacity 21021K, committed 21296K, reserved 1069056K
  class space    used 2474K, capacity 2614K, committed 2688K, reserved 1048576K
}
Event: 3,596 GC heap before
{Heap before GC invocations=6 (full 0):
 garbage-first heap   total 55296K, used 39719K [0x0000000083a00000, 0x0000000100000000)
  region size 1024K, 32 young (32768K), 6 survivors (6144K)
 Metaspace       used 28057K, capacity 28363K, committed 28848K, reserved 1075200K
  class space    used 3592K, capacity 3714K, committed 3840K, reserved 1048576K
}
Event: 3,606 GC heap after
{Heap after GC invocations=7 (full 0):
 garbage-first heap   total 66560K, used 14587K [0x0000000083a00000, 0x0000000100000000)
  region size 1024K, 2 young (2048K), 2 survivors (2048K)
 Metaspace       used 28057K, capacity 28363K, committed 28848K, reserved 1075200K
  class space    used 3592K, capacity 3714K, committed 3840K, reserved 1048576K
}
Event: 4,186 GC heap before
{Heap before GC invocations=7 (full 0):
 garbage-first heap   total 66560K, used 39163K [0x0000000083a00000, 0x0000000100000000)
  region size 1024K, 27 young (27648K), 2 survivors (2048K)
 Metaspace       used 34778K, capacity 35148K, committed 35888K, reserved 1081344K
  class space    used 4593K, capacity 4715K, committed 4736K, reserved 1048576K
}
Event: 4,191 GC heap after
{Heap after GC invocations=8 (full 0):
 garbage-first heap   total 66560K, used 15316K [0x0000000083a00000, 0x0000000100000000)
  region size 1024K, 3 young (3072K), 3 survivors (3072K)
 Metaspace       used 34778K, capacity 35148K, committed 35888K, reserved 1081344K
  class space    used 4593K, capacity 4715K, committed 4736K, reserved 1048576K
}
Event: 5,408 GC heap before
{Heap before GC invocations=9 (full 0):
 garbage-first heap   total 61440K, used 49108K [0x0000000083a00000, 0x0000000100000000)
  region size 1024K, 36 young (36864K), 3 survivors (3072K)
 Metaspace       used 43095K, capacity 43458K, committed 44464K, reserved 1087488K
  class space    used 5650K, capacity 5777K, committed 5888K, reserved 1048576K
}
Event: 5,416 GC heap after
{Heap after GC invocations=10 (full 0):
 garbage-first heap   total 61440K, used 18578K [0x0000000083a00000, 0x0000000100000000)
  region size 1024K, 5 young (5120K), 5 survivors (5120K)
 Metaspace       used 43095K, capacity 43458K, committed 44464K, reserved 1087488K
  class space    used 5650K, capacity 5777K, committed 5888K, reserved 1048576K
}
Event: 6,314 GC heap before
{Heap before GC invocations=10 (full 0):
 garbage-first heap   total 61440K, used 44178K [0x0000000083a00000, 0x0000000100000000)
  region size 1024K, 31 young (31744K), 5 survivors (5120K)
 Metaspace       used 48273K, capacity 48661K, committed 49456K, reserved 1091584K
  class space    used 6306K, capacity 6458K, committed 6528K, reserved 1048576K
}
Event: 6,327 GC heap after
{Heap after GC invocations=11 (full 0):
 garbage-first heap   total 61440K, used 22078K [0x0000000083a00000, 0x0000000100000000)
  region size 1024K, 4 young (4096K), 4 survivors (4096K)
 Metaspace       used 48273K, capacity 48661K, committed 49456K, reserved 1091584K
  class space    used 6306K, capacity 6458K, committed 6528K, reserved 1048576K
}

