# JRE version: OpenJDK Runtime Environment Corretto-15.0.1.9.1 (15.0.1+9) (build 15.0.1+9)
# Java VM: OpenJDK 64-Bit Server VM Corretto-15.0.1.9.1 (15.0.1+9, mixed mode, sharing, tiered, compressed oops, g1 gc, linux-amd64)
GC Precious Log:
 CPUs: 4 total, 4 available
 Memory: 7957M
 Large Page Support: Disabled
 NUMA Support: Disabled
 Compressed Oops: Enabled (32-bit)
 Heap Region Size: 1M
 Heap Min Capacity: 8M
 Heap Initial Capacity: 126M
 Heap Max Capacity: 1990M
 Pre-touch: Disabled
 Parallel Workers: 4
 Concurrent Workers: 1
 Concurrent Refinement Workers: 4
 Periodic GC: Disabled
Heap:
 garbage-first heap   total 58368K, used 19587K [0x0000000083a00000, 0x0000000100000000)
  region size 1024K, 4 young (4096K), 2 survivors (2048K)
 Metaspace       used 35501K, capacity 35824K, committed 36252K, reserved 1081344K
  class space    used 4278K, capacity 4399K, committed 4480K, reserved 1048576K
GC Heap History (14 events):
Event: 0,582 GC heap before
{Heap before GC invocations=0 (full 0):
 garbage-first heap   total 131072K, used 13112K [0x0000000083a00000, 0x0000000100000000)
  region size 1024K, 13 young (13312K), 0 survivors (0K)
 Metaspace       used 3745K, capacity 5986K, committed 6272K, reserved 1056768K
  class space    used 387K, capacity 566K, committed 640K, reserved 1048576K
}
Event: 0,592 GC heap after
{Heap after GC invocations=1 (full 0):
 garbage-first heap   total 131072K, used 5364K [0x0000000083a00000, 0x0000000100000000)
  region size 1024K, 2 young (2048K), 2 survivors (2048K)
 Metaspace       used 3745K, capacity 5986K, committed 6272K, reserved 1056768K
  class space    used 387K, capacity 566K, committed 640K, reserved 1048576K
}
Event: 1,014 GC heap before
{Heap before GC invocations=1 (full 0):
 garbage-first heap   total 131072K, used 20724K [0x0000000083a00000, 0x0000000100000000)
  region size 1024K, 17 young (17408K), 2 survivors (2048K)
 Metaspace       used 8185K, capacity 8983K, committed 9088K, reserved 1056768K
  class space    used 998K, capacity 1071K, committed 1152K, reserved 1048576K
}
Event: 1,026 GC heap after
{Heap after GC invocations=2 (full 0):
 garbage-first heap   total 131072K, used 6634K [0x0000000083a00000, 0x0000000100000000)
  region size 1024K, 2 young (2048K), 2 survivors (2048K)
 Metaspace       used 8185K, capacity 8983K, committed 9088K, reserved 1056768K
  class space    used 998K, capacity 1071K, committed 1152K, reserved 1048576K
}
Event: 2,221 GC heap before
{Heap before GC invocations=2 (full 0):
 garbage-first heap   total 131072K, used 68074K [0x0000000083a00000, 0x0000000100000000)
  region size 1024K, 64 young (65536K), 2 survivors (2048K)
 Metaspace       used 20817K, capacity 21083K, committed 21296K, reserved 1069056K
  class space    used 2536K, capacity 2635K, committed 2688K, reserved 1048576K
}
Event: 2,230 GC heap after
{Heap after GC invocations=3 (full 0):
 garbage-first heap   total 131072K, used 10666K [0x0000000083a00000, 0x0000000100000000)
  region size 1024K, 6 young (6144K), 6 survivors (6144K)
 Metaspace       used 20817K, capacity 21083K, committed 21296K, reserved 1069056K
  class space    used 2536K, capacity 2635K, committed 2688K, reserved 1048576K
}
Event: 2,514 GC heap before
{Heap before GC invocations=4 (full 0):
 garbage-first heap   total 48128K, used 33194K [0x0000000083a00000, 0x0000000100000000)
  region size 1024K, 28 young (28672K), 6 survivors (6144K)
 Metaspace       used 24945K, capacity 25183K, committed 25648K, reserved 1071104K
  class space    used 3001K, capacity 3084K, committed 3200K, reserved 1048576K
}
Event: 2,520 GC heap after
{Heap after GC invocations=5 (full 0):
 garbage-first heap   total 48128K, used 12477K [0x0000000083a00000, 0x0000000100000000)
  region size 1024K, 2 young (2048K), 2 survivors (2048K)
 Metaspace       used 24945K, capacity 25183K, committed 25648K, reserved 1071104K
  class space    used 3001K, capacity 3084K, committed 3200K, reserved 1048576K
}
Event: 2,806 GC heap before
{Heap before GC invocations=5 (full 0):
 garbage-first heap   total 48128K, used 31933K [0x0000000083a00000, 0x0000000100000000)
  region size 1024K, 21 young (21504K), 2 survivors (2048K)
 Metaspace       used 29782K, capacity 30112K, committed 30512K, reserved 1077248K
  class space    used 3580K, capacity 3698K, committed 3712K, reserved 1048576K
}
Event: 2,812 GC heap after
{Heap after GC invocations=6 (full 0):
 garbage-first heap   total 58368K, used 15212K [0x0000000083a00000, 0x0000000100000000)
  region size 1024K, 3 young (3072K), 3 survivors (3072K)
 Metaspace       used 29782K, capacity 30112K, committed 30512K, reserved 1077248K
  class space    used 3580K, capacity 3698K, committed 3712K, reserved 1048576K
}
Event: 3,216 GC heap before
{Heap before GC invocations=6 (full 0):
 garbage-first heap   total 58368K, used 38764K [0x0000000083a00000, 0x0000000100000000)
  region size 1024K, 27 young (27648K), 3 survivors (3072K)
 Metaspace       used 34367K, capacity 34746K, committed 35248K, reserved 1081344K
  class space    used 4130K, capacity 4258K, committed 4352K, reserved 1048576K
}
Event: 3,220 GC heap after
{Heap after GC invocations=7 (full 0):
 garbage-first heap   total 58368K, used 17391K [0x0000000083a00000, 0x0000000100000000)
  region size 1024K, 3 young (3072K), 3 survivors (3072K)
 Metaspace       used 34367K, capacity 34746K, committed 35248K, reserved 1081344K
  class space    used 4130K, capacity 4258K, committed 4352K, reserved 1048576K
}
Event: 3,321 GC heap before
{Heap before GC invocations=7 (full 0):
 garbage-first heap   total 58368K, used 23535K [0x0000000083a00000, 0x0000000100000000)
  region size 1024K, 10 young (10240K), 3 survivors (3072K)
 Metaspace       used 35125K, capacity 35437K, committed 35920K, reserved 1081344K
  class space    used 4225K, capacity 4334K, committed 4352K, reserved 1048576K
}
Event: 3,326 GC heap after
{Heap after GC invocations=8 (full 0):
 garbage-first heap   total 58368K, used 18563K [0x0000000083a00000, 0x0000000100000000)
  region size 1024K, 2 young (2048K), 2 survivors (2048K)
 Metaspace       used 35125K, capacity 35437K, committed 35920K, reserved 1081344K
  class space    used 4225K, capacity 4334K, committed 4352K, reserved 1048576K
}

